TN:
SF:script/DeployDSC.s.sol
FN:14,DeployDSC.run
FNDA:27,DeployDSC.run
DA:15,27
DA:15,27
DA:15,27
DA:17,27
DA:17,27
DA:18,27
DA:18,27
DA:20,27
DA:20,27
DA:21,27
DA:21,27
DA:23,27
DA:23,27
DA:24,27
DA:24,27
DA:24,27
DA:25,27
DA:25,27
DA:25,27
DA:26,27
DA:26,27
DA:27,27
DA:27,27
DA:28,27
DA:28,27
FNF:1
FNH:1
LF:11
LH:11
BRF:0
BRH:0
end_of_record
TN:
SF:script/HelperConfig.s.sol
FN:24,HelperConfig.
FNDA:0,HelperConfig.
DA:25,0
DA:25,0
BRDA:25,0,0,-
BRDA:25,0,1,-
DA:26,0
DA:26,0
DA:28,0
DA:28,0
FN:32,HelperConfig.getSepoliaEthConfig
FNDA:0,HelperConfig.getSepoliaEthConfig
DA:33,0
DA:33,0
DA:33,0
FN:42,HelperConfig.getOrCreateAnvilEthConfig
FNDA:0,HelperConfig.getOrCreateAnvilEthConfig
DA:43,0
DA:43,0
DA:43,0
BRDA:43,1,0,-
BRDA:43,1,1,-
DA:44,0
DA:44,0
DA:47,0
DA:47,0
DA:48,0
DA:48,0
DA:48,0
DA:49,0
DA:49,0
DA:49,0
DA:51,0
DA:51,0
DA:51,0
DA:52,0
DA:52,0
DA:52,0
DA:53,0
DA:53,0
DA:55,0
DA:55,0
DA:55,0
DA:62,0
DA:62,0
FNF:3
FNH:0
LF:14
LH:0
BRF:4
BRH:0
end_of_record
TN:
SF:src/DSCEngine.sol
FN:83,DSCEngine.moreThanZero
FNDA:3,DSCEngine.moreThanZero
DA:84,3
DA:84,3
BRDA:84,0,0,1
BRDA:84,0,1,3
DA:85,0
DA:85,0
FN:90,DSCEngine.isAllowedToken
FNDA:104,DSCEngine.isAllowedToken
DA:91,104
DA:91,104
DA:91,104
BRDA:91,1,0,1
BRDA:91,1,1,103
DA:92,1
DA:92,1
FN:100,DSCEngine.
FNDA:9,DSCEngine.
DA:105,5
DA:105,5
BRDA:105,2,0,5
BRDA:105,2,1,4
DA:106,5
DA:106,5
DA:109,3
DA:109,3
DA:109,6
DA:109,4
DA:110,3
DA:110,3
DA:111,2
DA:111,2
DA:114,2
DA:114,2
FN:127,DSCEngine.depositCollateralAndMintDsc
FNDA:1,DSCEngine.depositCollateralAndMintDsc
DA:132,1
DA:132,1
DA:133,1
DA:133,1
FN:142,DSCEngine.depositCollateral
FNDA:104,DSCEngine.depositCollateral
DA:151,103
DA:151,103
DA:154,103
DA:154,103
DA:159,103
DA:159,103
DA:159,103
DA:164,102
DA:164,102
BRDA:164,3,0,1
BRDA:164,3,1,101
DA:165,1
DA:165,1
FN:178,DSCEngine.redeemCollateralForDsc
FNDA:1,DSCEngine.redeemCollateralForDsc
DA:183,1
DA:183,1
DA:184,1
DA:184,1
FN:190,DSCEngine.redeemCollateral
FNDA:3,DSCEngine.redeemCollateral
DA:194,4
DA:194,4
DA:200,3
DA:200,3
FN:208,DSCEngine.mintDsc
FNDA:98,DSCEngine.mintDsc
DA:211,98
DA:211,98
DA:213,98
DA:213,98
DA:214,97
DA:214,97
DA:214,97
DA:215,97
DA:215,97
BRDA:215,4,0,-
BRDA:215,4,1,97
DA:216,0
DA:216,0
FN:221,DSCEngine.burnDsc
FNDA:3,DSCEngine.burnDsc
DA:222,3
DA:222,3
DA:223,2
DA:223,2
FN:243,DSCEngine.liquidate
FNDA:3,DSCEngine.liquidate
DA:248,3
DA:248,3
DA:248,3
DA:249,3
DA:249,3
BRDA:249,5,0,1
BRDA:249,5,1,2
DA:250,1
DA:250,1
DA:258,2
DA:258,2
DA:258,2
DA:268,2
DA:268,2
DA:270,2
DA:270,2
DA:270,2
DA:274,2
DA:274,2
DA:282,2
DA:282,2
DA:284,2
DA:284,2
DA:284,2
DA:285,2
DA:285,2
DA:287,2
DA:287,2
BRDA:287,6,0,1
BRDA:287,6,1,1
DA:288,1
DA:288,1
DA:291,1
DA:291,1
FN:294,DSCEngine.getHealthFactor
FNDA:6,DSCEngine.getHealthFactor
DA:295,6
DA:295,6
DA:295,6
FN:305,DSCEngine._burnDsc
FNDA:5,DSCEngine._burnDsc
DA:310,5
DA:310,5
DA:311,4
DA:311,4
DA:311,4
DA:316,4
DA:316,4
BRDA:316,7,0,-
BRDA:316,7,1,4
DA:317,0
DA:317,0
DA:319,4
DA:319,4
FN:322,DSCEngine._redeemCollateral
FNDA:6,DSCEngine._redeemCollateral
DA:328,6
DA:328,6
DA:329,6
DA:329,6
DA:335,6
DA:335,6
DA:335,6
DA:339,6
DA:339,6
BRDA:339,8,0,1
BRDA:339,8,1,5
DA:340,1
DA:340,1
FN:344,DSCEngine._getAccountInformation
FNDA:199,DSCEngine._getAccountInformation
DA:351,199
DA:351,199
DA:352,199
DA:352,199
FN:356,DSCEngine._healthFactor
FNDA:115,DSCEngine._healthFactor
DA:359,115
DA:359,115
DA:362,115
DA:362,115
DA:364,115
DA:364,115
DA:364,115
DA:366,115
DA:366,115
DA:366,115
FN:371,DSCEngine._revertHealthFactorIsBroken
FNDA:104,DSCEngine._revertHealthFactorIsBroken
DA:372,104
DA:372,104
DA:372,104
DA:373,104
DA:373,104
BRDA:373,9,0,2
BRDA:373,9,1,102
DA:374,2
DA:374,2
FN:384,DSCEngine.getTokenAmountFromUsd
FNDA:1,DSCEngine.getTokenAmountFromUsd
DA:388,3
DA:388,3
DA:388,3
DA:391,3
DA:391,3
DA:391,3
DA:392,3
DA:392,3
DA:393,3
DA:393,3
FN:397,DSCEngine.getAccountCollateralValue
FNDA:0,DSCEngine.getAccountCollateralValue
DA:401,199
DA:401,199
DA:402,199
DA:402,199
DA:402,597
DA:402,398
DA:403,398
DA:403,398
DA:404,398
DA:404,398
DA:405,398
DA:405,398
DA:407,199
DA:407,199
FN:410,DSCEngine.getUsdValue
FNDA:1,DSCEngine.getUsdValue
DA:414,399
DA:414,399
DA:414,399
DA:417,399
DA:417,399
DA:417,399
DA:423,399
DA:423,399
DA:424,399
DA:424,399
FN:427,DSCEngine.getCollateralDeposited
FNDA:3,DSCEngine.getCollateralDeposited
DA:431,3
DA:431,3
FN:434,DSCEngine.getAdditionalPrecision
FNDA:1,DSCEngine.getAdditionalPrecision
DA:435,1
DA:435,1
FN:438,DSCEngine.getPrecision
FNDA:1,DSCEngine.getPrecision
DA:439,1
DA:439,1
FN:442,DSCEngine.getCollateral
FNDA:6,DSCEngine.getCollateral
DA:446,6
DA:446,6
FN:449,DSCEngine.getDscMinted
FNDA:7,DSCEngine.getDscMinted
DA:450,7
DA:450,7
FN:453,DSCEngine.getCollateralTokens
FNDA:2,DSCEngine.getCollateralTokens
DA:454,2
DA:454,2
FN:457,DSCEngine.getCollateralBalanceOfUser
FNDA:89,DSCEngine.getCollateralBalanceOfUser
DA:461,89
DA:461,89
FN:464,DSCEngine.getAccountInformation
FNDA:84,DSCEngine.getAccountInformation
DA:471,84
DA:471,84
DA:471,84
FN:474,DSCEngine.getCollateralTokenPriceFeed
FNDA:2,DSCEngine.getCollateralTokenPriceFeed
DA:477,2
DA:477,2
FNF:28
FNH:27
LF:84
LH:81
BRF:20
BRH:18
end_of_record
TN:
SF:src/DecentalizedStableCoin.sol
FN:22,DecentalizedStableCoin.
FNDA:10,DecentalizedStableCoin.
FN:24,DecentalizedStableCoin.burn
FNDA:4,DecentalizedStableCoin.burn
DA:25,4
DA:25,4
DA:25,4
DA:26,4
DA:26,4
BRDA:26,0,0,-
BRDA:26,0,1,4
DA:27,0
DA:27,0
DA:29,4
DA:29,4
BRDA:29,1,0,-
BRDA:29,1,1,4
DA:30,0
DA:30,0
DA:32,4
DA:32,4
FN:35,DecentalizedStableCoin.mint
FNDA:97,DecentalizedStableCoin.mint
DA:36,97
DA:36,97
DA:36,97
BRDA:36,2,0,-
BRDA:36,2,1,97
DA:37,0
DA:37,0
DA:39,97
DA:39,97
BRDA:39,3,0,-
BRDA:39,3,1,97
DA:40,0
DA:40,0
DA:42,97
DA:42,97
DA:43,97
DA:43,97
FNF:3
FNH:3
LF:12
LH:8
BRF:8
BRH:4
end_of_record
TN:
SF:src/libraries/OracleLib.sol
FN:22,OracleLib.StaleCheckLatestRoundData
FNDA:3,OracleLib.StaleCheckLatestRoundData
DA:25,3
DA:25,3
DA:31,3
DA:31,3
DA:33,3
DA:33,3
DA:33,3
DA:35,3
DA:35,3
BRDA:35,0,0,-
BRDA:35,0,1,3
DA:36,0
DA:36,0
DA:39,3
DA:39,3
FNF:1
FNH:1
LF:6
LH:5
BRF:2
BRH:1
end_of_record
TN:
SF:test/Mocks/MockFailedMintDsc.sol
FN:12,MockFailedMintDSC.
FNDA:0,MockFailedMintDSC.
FN:14,MockFailedMintDSC.burn
FNDA:0,MockFailedMintDSC.burn
DA:15,0
DA:15,0
DA:15,0
DA:16,0
DA:16,0
BRDA:16,0,0,-
BRDA:16,0,1,-
DA:17,0
DA:17,0
DA:19,0
DA:19,0
BRDA:19,1,0,-
BRDA:19,1,1,-
DA:20,0
DA:20,0
DA:22,0
DA:22,0
FN:25,MockFailedMintDSC.mint
FNDA:0,MockFailedMintDSC.mint
DA:26,0
DA:26,0
DA:26,0
BRDA:26,2,0,-
BRDA:26,2,1,-
DA:27,0
DA:27,0
DA:29,0
DA:29,0
BRDA:29,3,0,-
BRDA:29,3,1,-
DA:30,0
DA:30,0
DA:32,0
DA:32,0
DA:33,0
DA:33,0
FNF:3
FNH:0
LF:12
LH:0
BRF:8
BRH:0
end_of_record
TN:
SF:test/Mocks/MockFailedTransfer.sol
FN:12,MockFailedTransfer.
FNDA:10,MockFailedTransfer.
FN:14,MockFailedTransfer.burn
FNDA:0,MockFailedTransfer.burn
DA:15,0
DA:15,0
DA:15,0
DA:16,0
DA:16,0
BRDA:16,0,0,-
BRDA:16,0,1,-
DA:17,0
DA:17,0
DA:19,0
DA:19,0
BRDA:19,1,0,-
BRDA:19,1,1,-
DA:20,0
DA:20,0
DA:22,0
DA:22,0
FN:25,MockFailedTransfer.mint
FNDA:1,MockFailedTransfer.mint
DA:26,1
DA:26,1
FN:29,MockFailedTransfer.transfer
FNDA:1,MockFailedTransfer.transfer
DA:30,0
DA:30,0
FNF:4
FNH:3
LF:8
LH:1
BRF:4
BRH:0
end_of_record
TN:
SF:test/Mocks/MockFailedtransferFrom.sol
FN:19,MockFailedTransferFrom.
FNDA:10,MockFailedTransferFrom.
FN:21,MockFailedTransferFrom.burn
FNDA:0,MockFailedTransferFrom.burn
DA:22,0
DA:22,0
DA:22,0
DA:23,0
DA:23,0
BRDA:23,0,0,-
BRDA:23,0,1,-
DA:24,0
DA:24,0
DA:26,0
DA:26,0
BRDA:26,1,0,-
BRDA:26,1,1,-
DA:27,0
DA:27,0
DA:29,0
DA:29,0
FN:32,MockFailedTransferFrom.mint
FNDA:1,MockFailedTransferFrom.mint
DA:33,1
DA:33,1
FN:36,MockFailedTransferFrom.transferFrom
FNDA:1,MockFailedTransferFrom.transferFrom
DA:42,0
DA:42,0
FNF:4
FNH:3
LF:8
LH:1
BRF:4
BRH:0
end_of_record
TN:
SF:test/Mocks/MockV3Aggregator.sol
FN:24,MockV3Aggregator.
FNDA:0,MockV3Aggregator.
DA:25,0
DA:25,0
DA:26,0
DA:26,0
FN:29,MockV3Aggregator.updateAnswer
FNDA:3,MockV3Aggregator.updateAnswer
DA:30,3
DA:30,3
DA:31,3
DA:31,3
DA:32,3
DA:32,3
DA:33,3
DA:33,3
DA:34,3
DA:34,3
DA:35,3
DA:35,3
FN:38,MockV3Aggregator.updateRoundData
FNDA:0,MockV3Aggregator.updateRoundData
DA:39,0
DA:39,0
DA:40,0
DA:40,0
DA:41,0
DA:41,0
DA:42,0
DA:42,0
DA:43,0
DA:43,0
DA:44,0
DA:44,0
FN:47,MockV3Aggregator.getRoundData
FNDA:0,MockV3Aggregator.getRoundData
DA:52,0
DA:52,0
FN:55,MockV3Aggregator.latestRoundData
FNDA:403,MockV3Aggregator.latestRoundData
DA:60,403
DA:60,403
FN:69,MockV3Aggregator.description
FNDA:0,MockV3Aggregator.description
DA:70,0
DA:70,0
FNF:6
FNH:2
LF:17
LH:7
BRF:0
BRH:0
end_of_record
TN:
SF:test/fuzz/Handler.t.sol
FN:24,Handler.
FNDA:0,Handler.
DA:25,0
DA:25,0
DA:26,0
DA:26,0
DA:28,0
DA:28,0
DA:28,0
DA:29,0
DA:29,0
DA:30,0
DA:30,0
DA:32,0
DA:32,0
FN:38,Handler.depositCollateral
FNDA:81,Handler.depositCollateral
DA:42,81
DA:42,81
DA:42,81
DA:43,81
DA:43,81
DA:45,81
DA:45,81
DA:46,81
DA:46,81
DA:47,81
DA:47,81
DA:48,81
DA:48,81
DA:49,81
DA:49,81
DA:51,81
DA:51,81
FN:54,Handler.redeemCollateral
FNDA:89,Handler.redeemCollateral
DA:58,89
DA:58,89
DA:58,89
DA:59,89
DA:59,89
DA:59,89
DA:64,89
DA:64,89
DA:65,89
DA:65,89
BRDA:65,0,0,89
BRDA:65,0,1,-
DA:66,89
DA:66,89
DA:69,0
DA:69,0
FN:72,Handler.mintDsc
FNDA:86,Handler.mintDsc
DA:75,86
DA:75,86
BRDA:75,1,0,84
BRDA:75,1,1,86
DA:76,86
DA:76,86
DA:78,84
DA:78,84
DA:81,84
DA:81,84
DA:81,84
DA:84,84
DA:84,84
DA:84,84
DA:85,84
DA:85,84
DA:86,84
DA:86,84
BRDA:86,2,0,-
BRDA:86,2,1,84
DA:87,0
DA:87,0
DA:89,84
DA:89,84
DA:90,84
DA:90,84
BRDA:90,3,0,2
BRDA:90,3,1,82
DA:91,2
DA:91,2
DA:93,82
DA:93,82
DA:94,82
DA:94,82
DA:95,82
DA:95,82
DA:96,82
DA:96,82
FN:107,Handler._getCollateralFromSeed
FNDA:170,Handler._getCollateralFromSeed
DA:110,170
DA:110,170
DA:110,170
BRDA:110,4,0,71
BRDA:110,4,1,99
DA:111,71
DA:111,71
DA:113,99
DA:113,99
FNF:5
FNH:4
LF:38
LH:30
BRF:10
BRH:8
end_of_record
TN:
SF:test/fuzz/Invariant.t.sol
FN:29,InvariantsTest.setUp
FNDA:2,InvariantsTest.setUp
DA:30,2
DA:30,2
DA:31,2
DA:31,2
DA:32,2
DA:32,2
DA:33,2
DA:33,2
DA:34,2
DA:34,2
FN:38,InvariantsTest.invariant_protocolMusthaveMoreCollateralThanDebt
FNDA:0,InvariantsTest.invariant_protocolMusthaveMoreCollateralThanDebt
DA:40,0
DA:40,0
DA:40,0
DA:41,0
DA:41,0
DA:41,0
DA:44,0
DA:44,0
DA:44,0
DA:47,0
DA:47,0
DA:47,0
DA:48,0
DA:48,0
DA:48,0
DA:50,0
DA:50,0
DA:51,0
DA:51,0
DA:52,0
DA:52,0
DA:53,0
DA:53,0
DA:55,0
DA:55,0
BRDA:55,0,0,-
BRDA:55,0,1,-
FN:58,InvariantsTest.invariant_gettersShouldNeverRevert
FNDA:0,InvariantsTest.invariant_gettersShouldNeverRevert
DA:59,0
DA:59,0
DA:60,0
DA:60,0
DA:61,0
DA:61,0
FNF:3
FNH:1
LF:18
LH:5
BRF:2
BRH:0
end_of_record
