TN:
SF:script/DeployDSC.s.sol
FN:13,DeployDSC.run
FNDA:27,DeployDSC.run
DA:14,27
DA:14,27
DA:14,27
DA:16,27
DA:16,27
DA:17,27
DA:17,27
DA:19,27
DA:19,27
DA:20,27
DA:20,27
DA:22,27
DA:22,27
DA:23,27
DA:23,27
DA:23,27
DA:24,27
DA:24,27
DA:24,27
DA:25,27
DA:25,27
DA:26,27
DA:26,27
DA:27,27
DA:27,27
FNF:1
FNH:1
LF:11
LH:11
BRF:0
BRH:0
end_of_record
TN:
SF:script/HelperConfig.s.sol
FN:32,HelperConfig.getSepoliaEthConfig
FNDA:0,HelperConfig.getSepoliaEthConfig
DA:33,0
DA:33,0
DA:33,0
FN:42,HelperConfig.getOrCreateAnvilEthConfig
FNDA:0,HelperConfig.getOrCreateAnvilEthConfig
DA:43,0
DA:43,0
DA:43,0
BRDA:43,0,0,-
BRDA:43,0,1,-
DA:44,0
DA:44,0
DA:47,0
DA:47,0
DA:48,0
DA:48,0
DA:48,0
DA:49,0
DA:49,0
DA:49,0
DA:51,0
DA:51,0
DA:51,0
DA:52,0
DA:52,0
DA:52,0
DA:53,0
DA:53,0
DA:55,0
DA:55,0
DA:55,0
DA:62,0
DA:62,0
FNF:2
FNH:0
LF:11
LH:0
BRF:2
BRH:0
end_of_record
TN:
SF:src/DSCEngine.sol
FN:127,DSCEngine.depositCollateralAndMintDsc
FNDA:1,DSCEngine.depositCollateralAndMintDsc
DA:132,1
DA:132,1
DA:133,1
DA:133,1
FN:142,DSCEngine.depositCollateral
FNDA:125,DSCEngine.depositCollateral
DA:151,124
DA:151,124
DA:154,124
DA:154,124
DA:159,124
DA:159,124
DA:159,124
DA:164,124
DA:164,124
BRDA:164,0,0,1
BRDA:164,0,1,123
DA:165,1
DA:165,1
FN:178,DSCEngine.redeemCollateralForDsc
FNDA:1,DSCEngine.redeemCollateralForDsc
DA:183,1
DA:183,1
DA:184,1
DA:184,1
FN:190,DSCEngine.redeemCollateral
FNDA:3,DSCEngine.redeemCollateral
DA:194,4
DA:194,4
DA:200,3
DA:200,3
FN:208,DSCEngine.mintDsc
FNDA:82,DSCEngine.mintDsc
DA:211,82
DA:211,82
DA:213,82
DA:213,82
DA:214,81
DA:214,81
DA:214,81
DA:215,81
DA:215,81
BRDA:215,1,0,1
BRDA:215,1,1,80
DA:216,1
DA:216,1
FN:221,DSCEngine.burnDsc
FNDA:3,DSCEngine.burnDsc
DA:222,3
DA:222,3
DA:223,2
DA:223,2
FN:243,DSCEngine.liquidate
FNDA:3,DSCEngine.liquidate
DA:248,3
DA:248,3
DA:248,3
DA:249,3
DA:249,3
BRDA:249,2,0,1
BRDA:249,2,1,2
DA:250,1
DA:250,1
DA:258,2
DA:258,2
DA:258,2
DA:268,2
DA:268,2
DA:270,2
DA:270,2
DA:270,2
DA:274,2
DA:274,2
DA:282,2
DA:282,2
DA:284,2
DA:284,2
DA:284,2
DA:285,2
DA:285,2
DA:287,2
DA:287,2
BRDA:287,3,0,1
BRDA:287,3,1,1
DA:288,1
DA:288,1
DA:291,1
DA:291,1
FN:294,DSCEngine.getHealthFactor
FNDA:6,DSCEngine.getHealthFactor
DA:295,6
DA:295,6
DA:295,6
FN:305,DSCEngine._burnDsc
FNDA:5,DSCEngine._burnDsc
DA:310,5
DA:310,5
DA:311,4
DA:311,4
DA:311,4
DA:316,4
DA:316,4
BRDA:316,4,0,-
BRDA:316,4,1,4
DA:317,0
DA:317,0
DA:319,4
DA:319,4
FN:322,DSCEngine._redeemCollateral
FNDA:6,DSCEngine._redeemCollateral
DA:328,6
DA:328,6
DA:329,6
DA:329,6
DA:335,6
DA:335,6
DA:335,6
DA:339,6
DA:339,6
BRDA:339,5,0,1
BRDA:339,5,1,5
DA:340,1
DA:340,1
FN:344,DSCEngine._getAccountInformation
FNDA:174,DSCEngine._getAccountInformation
DA:351,174
DA:351,174
DA:352,174
DA:352,174
FN:356,DSCEngine._healthFactor
FNDA:99,DSCEngine._healthFactor
DA:359,99
DA:359,99
DA:362,99
DA:362,99
DA:364,99
DA:364,99
DA:364,99
DA:366,99
DA:366,99
DA:366,99
FN:371,DSCEngine._revertHealthFactorIsBroken
FNDA:88,DSCEngine._revertHealthFactorIsBroken
DA:372,88
DA:372,88
DA:372,88
DA:373,88
DA:373,88
BRDA:373,6,0,2
BRDA:373,6,1,86
DA:374,2
DA:374,2
FN:384,DSCEngine.getTokenAmountFromUsd
FNDA:1,DSCEngine.getTokenAmountFromUsd
DA:388,3
DA:388,3
DA:388,3
DA:391,3
DA:391,3
DA:391,3
DA:392,3
DA:392,3
DA:393,3
DA:393,3
FN:397,DSCEngine.getAccountCollateralValue
FNDA:0,DSCEngine.getAccountCollateralValue
DA:401,174
DA:401,174
DA:402,174
DA:402,174
DA:402,521
DA:402,347
DA:403,347
DA:403,347
DA:404,347
DA:404,347
DA:405,347
DA:405,347
DA:407,174
DA:407,174
FN:410,DSCEngine.getUsdValue
FNDA:1,DSCEngine.getUsdValue
DA:414,348
DA:414,348
DA:414,348
DA:417,348
DA:417,348
DA:417,348
DA:423,348
DA:423,348
DA:424,348
DA:424,348
FN:427,DSCEngine.getCollateralDeposited
FNDA:3,DSCEngine.getCollateralDeposited
DA:431,3
DA:431,3
FN:434,DSCEngine.getAdditionalPrecision
FNDA:1,DSCEngine.getAdditionalPrecision
DA:435,1
DA:435,1
FN:438,DSCEngine.getPrecision
FNDA:1,DSCEngine.getPrecision
DA:439,1
DA:439,1
FN:442,DSCEngine.getCollateral
FNDA:6,DSCEngine.getCollateral
DA:446,6
DA:446,6
FN:449,DSCEngine.getDscMinted
FNDA:7,DSCEngine.getDscMinted
DA:450,7
DA:450,7
FN:453,DSCEngine.getCollateralTokens
FNDA:2,DSCEngine.getCollateralTokens
DA:454,2
DA:454,2
FN:457,DSCEngine.getCollateralBalanceOfUser
FNDA:79,DSCEngine.getCollateralBalanceOfUser
DA:461,79
DA:461,79
FN:464,DSCEngine.getAccountInformation
FNDA:75,DSCEngine.getAccountInformation
DA:471,75
DA:471,75
DA:471,75
FN:474,DSCEngine.getCollateralTokenPriceFeed
FNDA:2,DSCEngine.getCollateralTokenPriceFeed
DA:477,2
DA:477,2
FNF:25
FNH:24
LF:74
LH:73
BRF:14
BRH:13
end_of_record
TN:
SF:src/DecentalizedStableCoin.sol
FN:24,DecentalizedStableCoin.burn
FNDA:4,DecentalizedStableCoin.burn
DA:25,4
DA:25,4
DA:25,4
DA:26,4
DA:26,4
BRDA:26,0,0,-
BRDA:26,0,1,4
DA:27,0
DA:27,0
DA:29,4
DA:29,4
BRDA:29,1,0,-
BRDA:29,1,1,4
DA:30,0
DA:30,0
DA:32,4
DA:32,4
FN:35,DecentalizedStableCoin.mint
FNDA:81,DecentalizedStableCoin.mint
DA:36,81
DA:36,81
DA:36,81
BRDA:36,2,0,-
BRDA:36,2,1,81
DA:37,0
DA:37,0
DA:39,81
DA:39,81
BRDA:39,3,0,-
BRDA:39,3,1,81
DA:40,0
DA:40,0
DA:42,81
DA:42,81
DA:43,81
DA:43,81
FNF:2
FNH:2
LF:12
LH:8
BRF:8
BRH:4
end_of_record
TN:
SF:src/libraries/OracleLib.sol
FN:22,OracleLib.StaleCheckLatestRoundData
FNDA:351,OracleLib.StaleCheckLatestRoundData
DA:25,351
DA:25,351
DA:31,351
DA:31,351
DA:33,351
DA:33,351
DA:33,351
DA:35,351
DA:35,351
BRDA:35,0,0,-
BRDA:35,0,1,351
DA:36,0
DA:36,0
DA:39,351
DA:39,351
FNF:1
FNH:1
LF:6
LH:5
BRF:2
BRH:1
end_of_record
TN:
SF:test/Mocks/MockFailedMintDsc.sol
FN:14,MockFailedMintDSC.burn
FNDA:0,MockFailedMintDSC.burn
DA:15,0
DA:15,0
DA:15,0
DA:16,0
DA:16,0
BRDA:16,0,0,-
BRDA:16,0,1,-
DA:17,0
DA:17,0
DA:19,0
DA:19,0
BRDA:19,1,0,-
BRDA:19,1,1,-
DA:20,0
DA:20,0
DA:22,0
DA:22,0
FN:25,MockFailedMintDSC.mint
FNDA:0,MockFailedMintDSC.mint
DA:26,0
DA:26,0
DA:26,0
BRDA:26,2,0,-
BRDA:26,2,1,-
DA:27,0
DA:27,0
DA:29,0
DA:29,0
BRDA:29,3,0,-
BRDA:29,3,1,-
DA:30,0
DA:30,0
DA:32,0
DA:32,0
DA:33,0
DA:33,0
FNF:2
FNH:0
LF:12
LH:0
BRF:8
BRH:0
end_of_record
TN:
SF:test/Mocks/MockFailedTransfer.sol
FN:14,MockFailedTransfer.burn
FNDA:0,MockFailedTransfer.burn
DA:15,0
DA:15,0
DA:15,0
DA:16,0
DA:16,0
BRDA:16,0,0,-
BRDA:16,0,1,-
DA:17,0
DA:17,0
DA:19,0
DA:19,0
BRDA:19,1,0,-
BRDA:19,1,1,-
DA:20,0
DA:20,0
DA:22,0
DA:22,0
FN:25,MockFailedTransfer.mint
FNDA:1,MockFailedTransfer.mint
DA:26,1
DA:26,1
FN:29,MockFailedTransfer.transfer
FNDA:1,MockFailedTransfer.transfer
DA:30,0
DA:30,0
FNF:3
FNH:2
LF:8
LH:1
BRF:4
BRH:0
end_of_record
TN:
SF:test/Mocks/MockFailedtransferFrom.sol
FN:21,MockFailedTransferFrom.burn
FNDA:0,MockFailedTransferFrom.burn
DA:22,0
DA:22,0
DA:22,0
DA:23,0
DA:23,0
BRDA:23,0,0,-
BRDA:23,0,1,-
DA:24,0
DA:24,0
DA:26,0
DA:26,0
BRDA:26,1,0,-
BRDA:26,1,1,-
DA:27,0
DA:27,0
DA:29,0
DA:29,0
FN:32,MockFailedTransferFrom.mint
FNDA:1,MockFailedTransferFrom.mint
DA:33,1
DA:33,1
FN:36,MockFailedTransferFrom.transferFrom
FNDA:1,MockFailedTransferFrom.transferFrom
DA:42,0
DA:42,0
FNF:3
FNH:2
LF:8
LH:1
BRF:4
BRH:0
end_of_record
TN:
SF:test/Mocks/MockV3Aggregator.sol
FN:29,MockV3Aggregator.updateAnswer
FNDA:3,MockV3Aggregator.updateAnswer
DA:30,3
DA:30,3
DA:31,3
DA:31,3
DA:32,3
DA:32,3
DA:33,3
DA:33,3
DA:34,3
DA:34,3
DA:35,3
DA:35,3
FN:38,MockV3Aggregator.updateRoundData
FNDA:0,MockV3Aggregator.updateRoundData
DA:39,0
DA:39,0
DA:40,0
DA:40,0
DA:41,0
DA:41,0
DA:42,0
DA:42,0
DA:43,0
DA:43,0
DA:44,0
DA:44,0
FN:47,MockV3Aggregator.getRoundData
FNDA:0,MockV3Aggregator.getRoundData
DA:52,0
DA:52,0
FN:55,MockV3Aggregator.latestRoundData
FNDA:352,MockV3Aggregator.latestRoundData
DA:60,352
DA:60,352
FN:69,MockV3Aggregator.description
FNDA:0,MockV3Aggregator.description
DA:70,0
DA:70,0
FNF:5
FNH:2
LF:15
LH:7
BRF:0
BRH:0
end_of_record
TN:
SF:test/fuzz/Handler.t.sol
FN:38,Handler.depositCollateral
FNDA:102,Handler.depositCollateral
DA:42,102
DA:42,102
DA:42,102
DA:43,102
DA:43,102
DA:45,102
DA:45,102
DA:46,102
DA:46,102
DA:47,102
DA:47,102
DA:48,102
DA:48,102
DA:49,102
DA:49,102
DA:51,102
DA:51,102
FN:54,Handler.redeemCollateral
FNDA:79,Handler.redeemCollateral
DA:58,79
DA:58,79
DA:58,79
DA:59,79
DA:59,79
DA:59,79
DA:64,79
DA:64,79
DA:65,79
DA:65,79
BRDA:65,0,0,79
BRDA:65,0,1,-
DA:66,79
DA:66,79
DA:69,0
DA:69,0
FN:72,Handler.mintDsc
FNDA:75,Handler.mintDsc
DA:75,75
DA:75,75
BRDA:75,1,0,75
BRDA:75,1,1,75
DA:76,75
DA:76,75
DA:78,75
DA:78,75
DA:81,75
DA:81,75
DA:81,75
DA:84,75
DA:84,75
DA:84,75
DA:85,75
DA:85,75
DA:86,75
DA:86,75
BRDA:86,2,0,-
BRDA:86,2,1,75
DA:87,0
DA:87,0
DA:89,75
DA:89,75
DA:90,75
DA:90,75
BRDA:90,3,0,10
BRDA:90,3,1,65
DA:91,10
DA:91,10
DA:93,65
DA:93,65
DA:94,65
DA:94,65
DA:95,65
DA:95,65
DA:96,65
DA:96,65
FN:107,Handler._getCollateralFromSeed
FNDA:181,Handler._getCollateralFromSeed
DA:110,181
DA:110,181
DA:110,181
BRDA:110,4,0,96
BRDA:110,4,1,85
DA:111,96
DA:111,96
DA:113,85
DA:113,85
FNF:4
FNH:4
LF:32
LH:30
BRF:10
BRH:8
end_of_record
TN:
SF:test/fuzz/Invariant.t.sol
FN:29,InvariantsTest.setUp
FNDA:2,InvariantsTest.setUp
DA:30,2
DA:30,2
DA:31,2
DA:31,2
DA:32,2
DA:32,2
DA:33,2
DA:33,2
DA:34,2
DA:34,2
FN:38,InvariantsTest.invariant_protocolMusthaveMoreCollateralThanDebt
FNDA:0,InvariantsTest.invariant_protocolMusthaveMoreCollateralThanDebt
DA:40,0
DA:40,0
DA:40,0
DA:41,0
DA:41,0
DA:41,0
DA:44,0
DA:44,0
DA:44,0
DA:47,0
DA:47,0
DA:47,0
DA:48,0
DA:48,0
DA:48,0
DA:50,0
DA:50,0
DA:51,0
DA:51,0
DA:52,0
DA:52,0
DA:53,0
DA:53,0
DA:55,0
DA:55,0
BRDA:55,0,0,-
BRDA:55,0,1,-
FN:58,InvariantsTest.invariant_gettersShouldNeverRevert
FNDA:0,InvariantsTest.invariant_gettersShouldNeverRevert
DA:59,0
DA:59,0
DA:60,0
DA:60,0
DA:61,0
DA:61,0
FNF:3
FNH:1
LF:18
LH:5
BRF:2
BRH:0
end_of_record
